  compilation object save succeeded; see O:\三校成品2.3\GAME-08-1821212\稳定运行\shader_pixel_2d.cso
  compilation object save succeeded; see O:\三校成品2.3\GAME-08-1821212\稳定运行\shader_vertex_2d.cso
  BuildSystem.cpp
  BuildUI.cpp
O:\三校成品2.3\GAME-08-1821212\稳定运行\GamepadManager _1.0\GamepadManager.h(1,1): warning C4819: 该文件包含不能在当前代码页(936)中表示的字符。请将该文件保存为 Unicode 格式以防止数据丢失
  (编译源文件“BuildUI.cpp”)
  
O:\三校成品2.3\GAME-08-1821212\稳定运行\GamepadManager _1.0\GamepadManager_DEDUG.h(1,1): warning C4819: 该文件包含不能在当前代码页(936)中表示的字符。请将该文件保存为 Unicode 格式以防止数据丢失
  (编译源文件“BuildUI.cpp”)
  
  C:\Program Files (x86)\Windows Kits\10\Include\10.0.26100.0\um\dinput.h: DIRECTINPUT_VERSION undefined. Defaulting to version 0x0800
  ChiliTimer.cpp
O:\三校成品2.3\GAME-08-1821212\稳定运行\ChiliTimer\ChiliTimer.cpp(1,1): warning C4819: 该文件包含不能在当前代码页(936)中表示的字符。请将该文件保存为 Unicode 格式以防止数据丢失
O:\三校成品2.3\GAME-08-1821212\稳定运行\ChiliTimer\ChiliTimer.h(1,1): warning C4819: 该文件包含不能在当前代码页(936)中表示的字符。请将该文件保存为 Unicode 格式以防止数据丢失
  (编译源文件“ChiliTimer/ChiliTimer.cpp”)
  
  collision.cpp
O:\三校成品2.3\GAME-08-1821212\稳定运行\GamepadManager _1.0\GamepadManager.h(1,1): warning C4819: 该文件包含不能在当前代码页(936)中表示的字符。请将该文件保存为 Unicode 格式以防止数据丢失
  (编译源文件“collision.cpp”)
  
  C:\Program Files (x86)\Windows Kits\10\Include\10.0.26100.0\um\dinput.h: DIRECTINPUT_VERSION undefined. Defaulting to version 0x0800
O:\三校成品2.3\GAME-08-1821212\稳定运行\GamepadManager _1.0\GamepadManager_DEDUG.h(1,1): warning C4819: 该文件包含不能在当前代码页(936)中表示的字符。请将该文件保存为 Unicode 格式以防止数据丢失
  (编译源文件“collision.cpp”)
  
O:\三校成品2.3\GAME-08-1821212\稳定运行\collision.cpp(148,17): warning C4267: “初始化”: 从“size_t”转换到“int”，可能丢失数据
  controller.cpp
O:\三校成品2.3\GAME-08-1821212\稳定运行\GamepadManager _1.0\GamepadManager.h(1,1): warning C4819: 该文件包含不能在当前代码页(936)中表示的字符。请将该文件保存为 Unicode 格式以防止数据丢失
  (编译源文件“controller.cpp”)
  
  C:\Program Files (x86)\Windows Kits\10\Include\10.0.26100.0\um\dinput.h: DIRECTINPUT_VERSION undefined. Defaulting to version 0x0800
O:\三校成品2.3\GAME-08-1821212\稳定运行\GamepadManager _1.0\GamepadManager_DEDUG.h(1,1): warning C4819: 该文件包含不能在当前代码页(936)中表示的字符。请将该文件保存为 Unicode 格式以防止数据丢失
  (编译源文件“controller.cpp”)
  
  debug_ostream.cpp
  direct3d.cpp
  GameBattle.cpp
O:\三校成品2.3\GAME-08-1821212\稳定运行\GamepadManager _1.0\GamepadManager.h(1,1): warning C4819: 该文件包含不能在当前代码页(936)中表示的字符。请将该文件保存为 Unicode 格式以防止数据丢失
  (编译源文件“GameBattle.cpp”)
  
  C:\Program Files (x86)\Windows Kits\10\Include\10.0.26100.0\um\dinput.h: DIRECTINPUT_VERSION undefined. Defaulting to version 0x0800
O:\三校成品2.3\GAME-08-1821212\稳定运行\GamepadManager _1.0\GamepadManager_DEDUG.h(1,1): warning C4819: 该文件包含不能在当前代码页(936)中表示的字符。请将该文件保存为 Unicode 格式以防止数据丢失
  (编译源文件“GameBattle.cpp”)
  
O:\三校成品2.3\GAME-08-1821212\稳定运行\GameBattle.cpp(1354,32): warning C4244: “=”: 从“int”转换到“float”，可能丢失数据
  GameReady.cpp
O:\三校成品2.3\GAME-08-1821212\稳定运行\GamepadManager _1.0\GamepadManager.h(1,1): warning C4819: 该文件包含不能在当前代码页(936)中表示的字符。请将该文件保存为 Unicode 格式以防止数据丢失
  (编译源文件“GameReady.cpp”)
  
  C:\Program Files (x86)\Windows Kits\10\Include\10.0.26100.0\um\dinput.h: DIRECTINPUT_VERSION undefined. Defaulting to version 0x0800
O:\三校成品2.3\GAME-08-1821212\稳定运行\GamepadManager _1.0\GamepadManager_DEDUG.h(1,1): warning C4819: 该文件包含不能在当前代码页(936)中表示的字符。请将该文件保存为 Unicode 格式以防止数据丢失
  (编译源文件“GameReady.cpp”)
  
  GameResult.cpp
O:\三校成品2.3\GAME-08-1821212\稳定运行\GamepadManager _1.0\GamepadManager.h(1,1): warning C4819: 该文件包含不能在当前代码页(936)中表示的字符。请将该文件保存为 Unicode 格式以防止数据丢失
  (编译源文件“GameResult.cpp”)
  
  C:\Program Files (x86)\Windows Kits\10\Include\10.0.26100.0\um\dinput.h: DIRECTINPUT_VERSION undefined. Defaulting to version 0x0800
O:\三校成品2.3\GAME-08-1821212\稳定运行\GamepadManager _1.0\GamepadManager_DEDUG.h(1,1): warning C4819: 该文件包含不能在当前代码页(936)中表示的字符。请将该文件保存为 Unicode 格式以防止数据丢失
  (编译源文件“GameResult.cpp”)
  
  game.cpp
O:\三校成品2.3\GAME-08-1821212\稳定运行\GamepadManager _1.0\GamepadManager.h(1,1): warning C4819: 该文件包含不能在当前代码页(936)中表示的字符。请将该文件保存为 Unicode 格式以防止数据丢失
  (编译源文件“game.cpp”)
  
  C:\Program Files (x86)\Windows Kits\10\Include\10.0.26100.0\um\dinput.h: DIRECTINPUT_VERSION undefined. Defaulting to version 0x0800
O:\三校成品2.3\GAME-08-1821212\稳定运行\GamepadManager _1.0\GamepadManager_DEDUG.h(1,1): warning C4819: 该文件包含不能在当前代码页(936)中表示的字符。请将该文件保存为 Unicode 格式以防止数据丢失
  (编译源文件“game.cpp”)
  
  gamebg.cpp
O:\三校成品2.3\GAME-08-1821212\稳定运行\GamepadManager _1.0\GamepadManager.h(1,1): warning C4819: 该文件包含不能在当前代码页(936)中表示的字符。请将该文件保存为 Unicode 格式以防止数据丢失
  (编译源文件“gamebg.cpp”)
  
  C:\Program Files (x86)\Windows Kits\10\Include\10.0.26100.0\um\dinput.h: DIRECTINPUT_VERSION undefined. Defaulting to version 0x0800
O:\三校成品2.3\GAME-08-1821212\稳定运行\GamepadManager _1.0\GamepadManager_DEDUG.h(1,1): warning C4819: 该文件包含不能在当前代码页(936)中表示的字符。请将该文件保存为 Unicode 格式以防止数据丢失
  (编译源文件“gamebg.cpp”)
  
  GamepadManager.cpp
O:\三校成品2.3\GAME-08-1821212\稳定运行\GamepadManager _1.0\GamepadManager.cpp(1,1): warning C4819: 该文件包含不能在当前代码页(936)中表示的字符。请将该文件保存为 Unicode 格式以防止数据丢失
O:\三校成品2.3\GAME-08-1821212\稳定运行\GamepadManager _1.0\GamepadManager.h(1,1): warning C4819: 该文件包含不能在当前代码页(936)中表示的字符。请将该文件保存为 Unicode 格式以防止数据丢失
  (编译源文件“GamepadManager%20_1.0/GamepadManager.cpp”)
  
  C:\Program Files (x86)\Windows Kits\10\Include\10.0.26100.0\um\dinput.h: DIRECTINPUT_VERSION undefined. Defaulting to version 0x0800
  GamepadManager_DEDUG.cpp
O:\三校成品2.3\GAME-08-1821212\稳定运行\GamepadManager _1.0\GamepadManager_DEDUG.cpp(1,1): warning C4819: 该文件包含不能在当前代码页(936)中表示的字符。请将该文件保存为 Unicode 格式以防止数据丢失
O:\三校成品2.3\GAME-08-1821212\稳定运行\GamepadManager _1.0\GamepadManager_DEDUG.h(1,1): warning C4819: 该文件包含不能在当前代码页(936)中表示的字符。请将该文件保存为 Unicode 格式以防止数据丢失
  (编译源文件“GamepadManager%20_1.0/GamepadManager_DEDUG.cpp”)
  
  C:\Program Files (x86)\Windows Kits\10\Include\10.0.26100.0\um\dinput.h: DIRECTINPUT_VERSION undefined. Defaulting to version 0x0800
O:\三校成品2.3\GAME-08-1821212\稳定运行\GamepadManager _1.0\GamepadManager_DEDUG.cpp(112,61): warning C4267: “参数”: 从“size_t”转换到“int”，可能丢失数据
O:\三校成品2.3\GAME-08-1821212\稳定运行\GamepadManager _1.0\GamepadManager_DEDUG.cpp(119,57): warning C4267: “参数”: 从“size_t”转换到“int”，可能丢失数据
  Keyboard.cpp
  main.cpp
O:\三校成品2.3\GAME-08-1821212\稳定运行\GamepadManager _1.0\GamepadManager.h(1,1): warning C4819: 该文件包含不能在当前代码页(936)中表示的字符。请将该文件保存为 Unicode 格式以防止数据丢失
  (编译源文件“main.cpp”)
  
  C:\Program Files (x86)\Windows Kits\10\Include\10.0.26100.0\um\dinput.h: DIRECTINPUT_VERSION undefined. Defaulting to version 0x0800
O:\三校成品2.3\GAME-08-1821212\稳定运行\GamepadManager _1.0\GamepadManager_DEDUG.h(1,1): warning C4819: 该文件包含不能在当前代码页(936)中表示的字符。请将该文件保存为 Unicode 格式以防止数据丢失
  (编译源文件“main.cpp”)
  
O:\三校成品2.3\GAME-08-1821212\稳定运行\ChiliTimer\ChiliTimer.h(1,1): warning C4819: 该文件包含不能在当前代码页(936)中表示的字符。请将该文件保存为 Unicode 格式以防止数据丢失
  (编译源文件“main.cpp”)
  
  Map.cpp
O:\三校成品2.3\GAME-08-1821212\稳定运行\GamepadManager _1.0\GamepadManager.h(1,1): warning C4819: 该文件包含不能在当前代码页(936)中表示的字符。请将该文件保存为 Unicode 格式以防止数据丢失
  (编译源文件“Map.cpp”)
  
  C:\Program Files (x86)\Windows Kits\10\Include\10.0.26100.0\um\dinput.h: DIRECTINPUT_VERSION undefined. Defaulting to version 0x0800
O:\三校成品2.3\GAME-08-1821212\稳定运行\GamepadManager _1.0\GamepadManager_DEDUG.h(1,1): warning C4819: 该文件包含不能在当前代码页(936)中表示的字符。请将该文件保存为 Unicode 格式以防止数据丢失
  (编译源文件“Map.cpp”)
  
  Mouse.cpp
  player.cpp
O:\三校成品2.3\GAME-08-1821212\稳定运行\GamepadManager _1.0\GamepadManager.h(1,1): warning C4819: 该文件包含不能在当前代码页(936)中表示的字符。请将该文件保存为 Unicode 格式以防止数据丢失
  (编译源文件“player.cpp”)
  
  C:\Program Files (x86)\Windows Kits\10\Include\10.0.26100.0\um\dinput.h: DIRECTINPUT_VERSION undefined. Defaulting to version 0x0800
O:\三校成品2.3\GAME-08-1821212\稳定运行\GamepadManager _1.0\GamepadManager_DEDUG.h(1,1): warning C4819: 该文件包含不能在当前代码页(936)中表示的字符。请将该文件保存为 Unicode 格式以防止数据丢失
  (编译源文件“player.cpp”)
  
  shader.cpp
  正在编译...
  sprite.cpp
O:\三校成品2.3\GAME-08-1821212\稳定运行\GamepadManager _1.0\GamepadManager.h(1,1): warning C4819: 该文件包含不能在当前代码页(936)中表示的字符。请将该文件保存为 Unicode 格式以防止数据丢失
  (编译源文件“sprite.cpp”)
  
  C:\Program Files (x86)\Windows Kits\10\Include\10.0.26100.0\um\dinput.h: DIRECTINPUT_VERSION undefined. Defaulting to version 0x0800
O:\三校成品2.3\GAME-08-1821212\稳定运行\GamepadManager _1.0\GamepadManager_DEDUG.h(1,1): warning C4819: 该文件包含不能在当前代码页(936)中表示的字符。请将该文件保存为 Unicode 格式以防止数据丢失
  (编译源文件“sprite.cpp”)
  
  system.cpp
O:\三校成品2.3\GAME-08-1821212\稳定运行\GamepadManager _1.0\GamepadManager.h(1,1): warning C4819: 该文件包含不能在当前代码页(936)中表示的字符。请将该文件保存为 Unicode 格式以防止数据丢失
  (编译源文件“system.cpp”)
  
  C:\Program Files (x86)\Windows Kits\10\Include\10.0.26100.0\um\dinput.h: DIRECTINPUT_VERSION undefined. Defaulting to version 0x0800
O:\三校成品2.3\GAME-08-1821212\稳定运行\GamepadManager _1.0\GamepadManager_DEDUG.h(1,1): warning C4819: 该文件包含不能在当前代码页(936)中表示的字符。请将该文件保存为 Unicode 格式以防止数据丢失
  (编译源文件“system.cpp”)
  
O:\三校成品2.3\GAME-08-1821212\稳定运行\system.cpp(77,10): warning C4101: “hbrWhite”: 未引用的局部变量
O:\三校成品2.3\GAME-08-1821212\稳定运行\system.cpp(77,20): warning C4101: “hbrGray”: 未引用的局部变量
  texture.cpp
O:\三校成品2.3\GAME-08-1821212\稳定运行\GamepadManager _1.0\GamepadManager.h(1,1): warning C4819: 该文件包含不能在当前代码页(936)中表示的字符。请将该文件保存为 Unicode 格式以防止数据丢失
  (编译源文件“texture.cpp”)
  
  C:\Program Files (x86)\Windows Kits\10\Include\10.0.26100.0\um\dinput.h: DIRECTINPUT_VERSION undefined. Defaulting to version 0x0800
O:\三校成品2.3\GAME-08-1821212\稳定运行\GamepadManager _1.0\GamepadManager_DEDUG.h(1,1): warning C4819: 该文件包含不能在当前代码页(936)中表示的字符。请将该文件保存为 Unicode 格式以防止数据丢失
  (编译源文件“texture.cpp”)
  
O:\三校成品2.3\GAME-08-1821212\稳定运行\texture.cpp(5,10): error C1083: 无法打开包括文件: “libavformat/avformat.h”: No such file or directory
  UI.cpp
O:\三校成品2.3\GAME-08-1821212\稳定运行\GamepadManager _1.0\GamepadManager.h(1,1): warning C4819: 该文件包含不能在当前代码页(936)中表示的字符。请将该文件保存为 Unicode 格式以防止数据丢失
  (编译源文件“UI.cpp”)
  
  C:\Program Files (x86)\Windows Kits\10\Include\10.0.26100.0\um\dinput.h: DIRECTINPUT_VERSION undefined. Defaulting to version 0x0800
O:\三校成品2.3\GAME-08-1821212\稳定运行\GamepadManager _1.0\GamepadManager_DEDUG.h(1,1): warning C4819: 该文件包含不能在当前代码页(936)中表示的字符。请将该文件保存为 Unicode 格式以防止数据丢失
  (编译源文件“UI.cpp”)
  
O:\三校成品2.3\GAME-08-1821212\稳定运行\UI.cpp(109,10): warning C4244: “=”: 从“int”转换到“float”，可能丢失数据
O:\三校成品2.3\GAME-08-1821212\稳定运行\UI.cpp(110,10): warning C4244: “=”: 从“int”转换到“float”，可能丢失数据
