c:\users\エニシスコ\documents\wechat files\wxid_0polwj2g7r3122\filestorage\file\2025-08\game-08-18\game-08-18\20250421_dx21\x64\debug\vc143.pdb
c:\users\エニシスコ\documents\wechat files\wxid_0polwj2g7r3122\filestorage\file\2025-08\game-08-18\game-08-18\20250421_dx21\x64\debug\vc143.idb
c:\users\エニシスコ\documents\wechat files\wxid_0polwj2g7r3122\filestorage\file\2025-08\game-08-18\game-08-18\20250421_dx21\x64\debug\system.obj
c:\users\エニシスコ\documents\wechat files\wxid_0polwj2g7r3122\filestorage\file\2025-08\game-08-18\game-08-18\20250421_dx21\x64\debug\sprite.obj
c:\users\エニシスコ\documents\wechat files\wxid_0polwj2g7r3122\filestorage\file\2025-08\game-08-18\game-08-18\20250421_dx21\x64\debug\shader.obj
c:\users\エニシスコ\documents\wechat files\wxid_0polwj2g7r3122\filestorage\file\2025-08\game-08-18\game-08-18\20250421_dx21\x64\debug\player.obj
c:\users\エニシスコ\documents\wechat files\wxid_0polwj2g7r3122\filestorage\file\2025-08\game-08-18\game-08-18\20250421_dx21\x64\debug\mouse.obj
c:\users\エニシスコ\documents\wechat files\wxid_0polwj2g7r3122\filestorage\file\2025-08\game-08-18\game-08-18\20250421_dx21\x64\debug\map.obj
c:\users\エニシスコ\documents\wechat files\wxid_0polwj2g7r3122\filestorage\file\2025-08\game-08-18\game-08-18\20250421_dx21\x64\debug\main.obj
c:\users\エニシスコ\documents\wechat files\wxid_0polwj2g7r3122\filestorage\file\2025-08\game-08-18\game-08-18\20250421_dx21\x64\debug\keyboard.obj
c:\users\エニシスコ\documents\wechat files\wxid_0polwj2g7r3122\filestorage\file\2025-08\game-08-18\game-08-18\20250421_dx21\x64\debug\gamepadmanager_dedug.obj
c:\users\エニシスコ\documents\wechat files\wxid_0polwj2g7r3122\filestorage\file\2025-08\game-08-18\game-08-18\20250421_dx21\x64\debug\gamepadmanager.obj
c:\users\エニシスコ\documents\wechat files\wxid_0polwj2g7r3122\filestorage\file\2025-08\game-08-18\game-08-18\20250421_dx21\x64\debug\gamebg.obj
c:\users\エニシスコ\documents\wechat files\wxid_0polwj2g7r3122\filestorage\file\2025-08\game-08-18\game-08-18\20250421_dx21\x64\debug\game.obj
c:\users\エニシスコ\documents\wechat files\wxid_0polwj2g7r3122\filestorage\file\2025-08\game-08-18\game-08-18\20250421_dx21\x64\debug\gameresult.obj
c:\users\エニシスコ\documents\wechat files\wxid_0polwj2g7r3122\filestorage\file\2025-08\game-08-18\game-08-18\20250421_dx21\x64\debug\gameready.obj
c:\users\エニシスコ\documents\wechat files\wxid_0polwj2g7r3122\filestorage\file\2025-08\game-08-18\game-08-18\20250421_dx21\x64\debug\gamebattle.obj
c:\users\エニシスコ\documents\wechat files\wxid_0polwj2g7r3122\filestorage\file\2025-08\game-08-18\game-08-18\20250421_dx21\x64\debug\direct3d.obj
c:\users\エニシスコ\documents\wechat files\wxid_0polwj2g7r3122\filestorage\file\2025-08\game-08-18\game-08-18\20250421_dx21\x64\debug\debug_ostream.obj
c:\users\エニシスコ\documents\wechat files\wxid_0polwj2g7r3122\filestorage\file\2025-08\game-08-18\game-08-18\20250421_dx21\x64\debug\controller.obj
c:\users\エニシスコ\documents\wechat files\wxid_0polwj2g7r3122\filestorage\file\2025-08\game-08-18\game-08-18\20250421_dx21\x64\debug\collision.obj
c:\users\エニシスコ\documents\wechat files\wxid_0polwj2g7r3122\filestorage\file\2025-08\game-08-18\game-08-18\20250421_dx21\x64\debug\chilitimer.obj
c:\users\エニシスコ\documents\wechat files\wxid_0polwj2g7r3122\filestorage\file\2025-08\game-08-18\game-08-18\20250421_dx21\x64\debug\ui.obj
c:\users\エニシスコ\documents\wechat files\wxid_0polwj2g7r3122\filestorage\file\2025-08\game-08-18\game-08-18\20250421_dx21\x64\debug\texture.obj
c:\users\エニシスコ\documents\wechat files\wxid_0polwj2g7r3122\filestorage\file\2025-08\game-08-18\game-08-18\20250421_dx21\x64\debug\buildui.obj
c:\users\エニシスコ\documents\wechat files\wxid_0polwj2g7r3122\filestorage\file\2025-08\game-08-18\game-08-18\20250421_dx21\x64\debug\buildsystem.obj
c:\users\エニシスコ\documents\wechat files\wxid_0polwj2g7r3122\filestorage\file\2025-08\game-08-18\game-08-18\shader_pixel_2d.cso
c:\users\エニシスコ\documents\wechat files\wxid_0polwj2g7r3122\filestorage\file\2025-08\game-08-18\game-08-18\shader_vertex_2d.cso
c:\users\エニシスコ\documents\wechat files\wxid_0polwj2g7r3122\filestorage\file\2025-08\game-08-18\game-08-18\20250421_dx21\x64\debug\20250421_dx21.ilk
c:\users\エニシスコ\documents\wechat files\wxid_0polwj2g7r3122\filestorage\file\2025-08\game-08-18\game-08-18\x64\debug\20250421_dx21.pdb
c:\users\エニシスコ\documents\wechat files\wxid_0polwj2g7r3122\filestorage\file\2025-08\game-08-18\game-08-18\x64\debug\20250421_dx21.exe
c:\users\エニシスコ\documents\wechat files\wxid_0polwj2g7r3122\filestorage\file\2025-08\game-08-18\game-08-18\20250421_dx21\x64\debug\20250421_dx21.tlog\cl.command.1.tlog
c:\users\エニシスコ\documents\wechat files\wxid_0polwj2g7r3122\filestorage\file\2025-08\game-08-18\game-08-18\20250421_dx21\x64\debug\20250421_dx21.tlog\cl.items.tlog
c:\users\エニシスコ\documents\wechat files\wxid_0polwj2g7r3122\filestorage\file\2025-08\game-08-18\game-08-18\20250421_dx21\x64\debug\20250421_dx21.tlog\cl.read.1.tlog
c:\users\エニシスコ\documents\wechat files\wxid_0polwj2g7r3122\filestorage\file\2025-08\game-08-18\game-08-18\20250421_dx21\x64\debug\20250421_dx21.tlog\cl.write.1.tlog
c:\users\エニシスコ\documents\wechat files\wxid_0polwj2g7r3122\filestorage\file\2025-08\game-08-18\game-08-18\20250421_dx21\x64\debug\20250421_dx21.tlog\fxc.command.1.tlog
c:\users\エニシスコ\documents\wechat files\wxid_0polwj2g7r3122\filestorage\file\2025-08\game-08-18\game-08-18\20250421_dx21\x64\debug\20250421_dx21.tlog\fxc.read.1.tlog
c:\users\エニシスコ\documents\wechat files\wxid_0polwj2g7r3122\filestorage\file\2025-08\game-08-18\game-08-18\20250421_dx21\x64\debug\20250421_dx21.tlog\fxc.write.1.tlog
c:\users\エニシスコ\documents\wechat files\wxid_0polwj2g7r3122\filestorage\file\2025-08\game-08-18\game-08-18\20250421_dx21\x64\debug\20250421_dx21.tlog\link.command.1.tlog
c:\users\エニシスコ\documents\wechat files\wxid_0polwj2g7r3122\filestorage\file\2025-08\game-08-18\game-08-18\20250421_dx21\x64\debug\20250421_dx21.tlog\link.read.1.tlog
c:\users\エニシスコ\documents\wechat files\wxid_0polwj2g7r3122\filestorage\file\2025-08\game-08-18\game-08-18\20250421_dx21\x64\debug\20250421_dx21.tlog\link.secondary.1.tlog
c:\users\エニシスコ\documents\wechat files\wxid_0polwj2g7r3122\filestorage\file\2025-08\game-08-18\game-08-18\20250421_dx21\x64\debug\20250421_dx21.tlog\link.write.1.tlog
